<?xml version="1.0" encoding="UTF-8"?>
<testsuite xmlns:xsi="http://www.w3.org/2001/XMLSchema-instance" xsi:noNamespaceSchemaLocation="https://maven.apache.org/surefire/maven-surefire-plugin/xsd/surefire-test-report.xsd" name="testRunner.TestRunner" time="99.804" tests="5" errors="0" skipped="0" failures="0">
  <properties>
[...]
</properties>
  <testcase name="1) Successful login with standard user and relogin with performance glitch user to check perf effect" classname="SwagLabs test scenarios for all provided user accounts" time="12.169"/>
  <testcase name="1) Successful login with standard user and relogin with performance glitch user to check perf effect" classname="SwagLabs test scenarios for all provided user accounts" time="23.317"/>
  <testcase name="2) Login with locked out user" classname="SwagLabs test scenarios for all provided user accounts" time="10.396"/>
  <testcase name="3) Login with Problem User" classname="SwagLabs test scenarios for all provided user accounts" time="19.195"/>
  <testcase name="4) Login with Performance glitch User to test performnace impact on multiple addition and removal" classname="SwagLabs test scenarios for all provided user accounts" time="33.543"/>
</testsuite>